[08Mar2023 22:46:11.454] [main/INFO] [cpw.mods.modlauncher.Launcher/MODLAUNCHER]: ModLauncher running: args [--username, PPWRLD, --version, 1.19.2-forge-43.2.0, --gameDir, C:\Users\Jacob\AppData\Roaming\.minecraft, --assetsDir, C:\Users\Jacob\AppData\Roaming\.minecraft\assets, --assetIndex, 1.19, --uuid, 18b8c1a3683540a89c885bed481a88c2, --accessToken, ????????, --clientId, MDhlYzY4OTMtZDUyZi00YWIzLTlmY2UtMTM3OTgzMWZhNmQ2, --xuid, 2535456189099450, --userType, msa, --versionType, release, --launchTarget, forgeclient, --fml.forgeVersion, 43.2.0, --fml.mcVersion, 1.19.2, --fml.forgeGroup, net.minecraftforge, --fml.mcpVersion, 20220805.130853]
[08Mar2023 22:46:11.460] [main/INFO] [cpw.mods.modlauncher.Launcher/MODLAUNCHER]: ModLauncher 10.0.8+10.0.8+main.0ef7e830 starting: java version 17.0.3 by Microsoft; OS Windows 10 arch amd64 version 10.0
[08Mar2023 22:46:13.311] [main/INFO] [optifine.OptiFineTransformationService/]: OptiFineTransformationService.onLoad
[08Mar2023 22:46:13.312] [main/INFO] [optifine.OptiFineTransformationService/]: OptiFine ZIP file URL: union:/C:/Users/Jacob/AppData/Roaming/.minecraft/mods/OptiFine_1.19.2_HD_U_I1.jar%23286!/
[08Mar2023 22:46:13.320] [main/INFO] [optifine.OptiFineTransformationService/]: OptiFine ZIP file: C:\Users\Jacob\AppData\Roaming\.minecraft\mods\OptiFine_1.19.2_HD_U_I1.jar
[08Mar2023 22:46:13.322] [main/INFO] [optifine.OptiFineTransformer/]: Target.PRE_CLASS is available
[08Mar2023 22:46:13.378] [main/INFO] [mixin/]: SpongePowered MIXIN Subsystem Version=0.8.5 Source=union:/C:/Users/Jacob/AppData/Roaming/.minecraft/libraries/org/spongepowered/mixin/0.8.5/mixin-0.8.5.jar%2391!/ Service=ModLauncher Env=CLIENT
[08Mar2023 22:46:13.387] [main/INFO] [optifine.OptiFineTransformationService/]: OptiFineTransformationService.initialize
[08Mar2023 22:46:14.378] [main/WARN] [net.minecraftforge.fml.loading.moddiscovery.ModFileParser/LOADING]: Mod file C:\Users\Jacob\AppData\Roaming\.minecraft\libraries\net\minecraftforge\fmlcore\1.19.2-43.2.0\fmlcore-1.19.2-43.2.0.jar is missing mods.toml file
[08Mar2023 22:46:14.383] [main/WARN] [net.minecraftforge.fml.loading.moddiscovery.ModFileParser/LOADING]: Mod file C:\Users\Jacob\AppData\Roaming\.minecraft\libraries\net\minecraftforge\javafmllanguage\1.19.2-43.2.0\javafmllanguage-1.19.2-43.2.0.jar is missing mods.toml file
[08Mar2023 22:46:14.387] [main/WARN] [net.minecraftforge.fml.loading.moddiscovery.ModFileParser/LOADING]: Mod file C:\Users\Jacob\AppData\Roaming\.minecraft\libraries\net\minecraftforge\lowcodelanguage\1.19.2-43.2.0\lowcodelanguage-1.19.2-43.2.0.jar is missing mods.toml file
[08Mar2023 22:46:14.392] [main/WARN] [net.minecraftforge.fml.loading.moddiscovery.ModFileParser/LOADING]: Mod file C:\Users\Jacob\AppData\Roaming\.minecraft\libraries\net\minecraftforge\mclanguage\1.19.2-43.2.0\mclanguage-1.19.2-43.2.0.jar is missing mods.toml file
[08Mar2023 22:46:14.433] [main/ERROR] [net.minecraftforge.fml.loading.moddiscovery.ModDiscoverer/SCAN]: Failed to build unique mod list after mod discovery.
net.minecraftforge.fml.loading.EarlyLoadingException: Duplicate mods found
	at net.minecraftforge.fml.loading.UniqueModListBuilder.buildUniqueList(UniqueModListBuilder.java:78) ~[fmlloader-1.19.2-43.2.0.jar%2395!/:1.0]
	at net.minecraftforge.fml.loading.moddiscovery.ModDiscoverer.discoverMods(ModDiscoverer.java:105) ~[fmlloader-1.19.2-43.2.0.jar%2395!/:?]
	at net.minecraftforge.fml.loading.FMLLoader.beginModScan(FMLLoader.java:166) ~[fmlloader-1.19.2-43.2.0.jar%2395!/:1.0]
	at net.minecraftforge.fml.loading.FMLServiceProvider.beginScanning(FMLServiceProvider.java:86) ~[fmlloader-1.19.2-43.2.0.jar%2395!/:1.0]
	at cpw.mods.modlauncher.TransformationServiceDecorator.runScan(TransformationServiceDecorator.java:112) ~[modlauncher-10.0.8.jar%2382!/:?]
	at cpw.mods.modlauncher.TransformationServicesHandler.lambda$runScanningTransformationServices$8(TransformationServicesHandler.java:100) ~[modlauncher-10.0.8.jar%2382!/:?]
	at java.util.stream.ReferencePipeline$3$1.accept(ReferencePipeline.java:197) [?:?]
	at java.util.HashMap$ValueSpliterator.forEachRemaining(HashMap.java:1779) [?:?]
	at java.util.stream.AbstractPipeline.copyInto(AbstractPipeline.java:509) [?:?]
	at java.util.stream.AbstractPipeline.wrapAndCopyInto(AbstractPipeline.java:499) [?:?]
	at java.util.stream.AbstractPipeline.evaluate(AbstractPipeline.java:575) [?:?]
	at java.util.stream.AbstractPipeline.evaluateToArrayNode(AbstractPipeline.java:260) [?:?]
	at java.util.stream.ReferencePipeline.toArray(ReferencePipeline.java:616) [?:?]
	at java.util.stream.ReferencePipeline.toArray(ReferencePipeline.java:622) [?:?]
	at java.util.stream.ReferencePipeline.toList(ReferencePipeline.java:627) [?:?]
	at cpw.mods.modlauncher.TransformationServicesHandler.runScanningTransformationServices(TransformationServicesHandler.java:102) [modlauncher-10.0.8.jar%2382!/:?]
	at cpw.mods.modlauncher.TransformationServicesHandler.initializeTransformationServices(TransformationServicesHandler.java:55) [modlauncher-10.0.8.jar%2382!/:?]
	at cpw.mods.modlauncher.Launcher.run(Launcher.java:87) [modlauncher-10.0.8.jar%2382!/:?]
	at cpw.mods.modlauncher.Launcher.main(Launcher.java:77) [modlauncher-10.0.8.jar%2382!/:?]
	at cpw.mods.modlauncher.BootstrapLaunchConsumer.accept(BootstrapLaunchConsumer.java:26) [modlauncher-10.0.8.jar%2382!/:?]
	at cpw.mods.modlauncher.BootstrapLaunchConsumer.accept(BootstrapLaunchConsumer.java:23) [modlauncher-10.0.8.jar%2382!/:?]
	at cpw.mods.bootstraplauncher.BootstrapLauncher.main(BootstrapLauncher.java:141) [bootstraplauncher-1.1.2.jar:?]
[08Mar2023 22:46:14.442] [main/ERROR] [net.minecraftforge.fml.loading.moddiscovery.ModDiscoverer/SCAN]: Mod Discovery failed. Skipping dependency discovery.
